[+] Containers:
 |- [+] Container: /Game/ThirdPerson/Maps/Tutorial_Zone
 |   |- [+] ActorDescs:
 |   |   |- Guid:02988EAA4C98C52D7E3B7295F92E8890 BaseClass: NativeClass:/Script/Engine.SkeletalMeshActor Name:SkeletalMeshActor_UAID_94C691F7842ED3F701_1456353127 Label:PikachuF SpatiallyLoaded:1 Bounds:IsValid=true, Min=(X=1320.000 Y=1250.000 Z=40.000), Max=(X=1320.000 Y=1250.000 Z=40.000) RuntimeGrid:None EditorOnly:0 RuntimeOnly:0 HLODRelevant:0 ListedInSceneOutliner:1 IsMainWorldOnly:0
 |   |   |- Guid:0AE0C5984A012B25962F7F90E66F8AF7 BaseClass: NativeClass:/Script/Engine.StaticMeshActor Name:StaticMeshActor_11 Label:SM_ChamferCube3 SpatiallyLoaded:1 Bounds:IsValid=true, Min=(X=747.699 Y=3089.699 Z=0.013), Max=(X=884.301 Y=3226.301 Z=100.013) RuntimeGrid:None EditorOnly:0 RuntimeOnly:0 HLODRelevant:0 ListedInSceneOutliner:1 IsMainWorldOnly:0
 |   |   |- Guid:0C546FF64558606987D1948675F42272 BaseClass: NativeClass:/Script/Engine.DirectionalLight Name:DirectionalLight_0 Label:DirectionalLight SpatiallyLoaded:0 Bounds:IsValid=true, Min=(X=-4398046511104.000 Y=-4398046511104.000 Z=-4398046511104.000), Max=(X=4398046511104.000 Y=4398046511104.000 Z=4398046511104.000) RuntimeGrid:None EditorOnly:0 RuntimeOnly:0 HLODRelevant:0 ListedInSceneOutliner:1 IsMainWorldOnly:0 FolderPath:Lighting FolderGuid:963EC3EB4002CCE9759E2EBA541A873A
 |   |   |- Guid:15E0906C43D4213FE045FDAEA830C2C4 BaseClass: NativeClass:/Script/Engine.StaticMeshActor Name:StaticMeshActor_UAID_94C691F7842E11FD01_1825973320 Label:SM_Cube4 SpatiallyLoaded:1 Bounds:IsValid=true, Min=(X=2423.000 Y=1.000 Z=-50.000), Max=(X=3048.000 Y=3501.000 Z=0.000) RuntimeGrid:None EditorOnly:0 RuntimeOnly:0 HLODRelevant:1 ListedInSceneOutliner:1 IsMainWorldOnly:0 FolderPath:Playground FolderGuid:C73F09FC4215536B1DCE2A9E0A830C70
 |   |   |- Guid:1737DA3B45C7CC527037D2B0FD97469D BaseClass:/Game/ThirdPerson/Blueprints/BP_Actors/Anotehr_inv_col.Anotehr_inv_col_C NativeClass:/Script/Engine.Actor Name:Anotehr_inv_col_C_UAID_94C691F7842E23FD01_1792214494 Label:Anotehr_inv_col SpatiallyLoaded:1 Bounds:IsValid=true, Min=(X=2416.000 Y=2349.000 Z=-32.000), Max=(X=2912.000 Y=2413.000 Z=32.000) RuntimeGrid:None EditorOnly:0 RuntimeOnly:0 HLODRelevant:0 ListedInSceneOutliner:1 IsMainWorldOnly:0
 |   |   |- Guid:17E0A5E44D89CE3D8EA6C3A6741B7186 BaseClass:/Game/ThirdPerson/Blueprints/TargetPoint_Blueprint.TargetPoint_Blueprint_C NativeClass:/Script/Engine.TargetPoint Name:TargetPoint_Blueprint_C_UAID_94C691F7842E63F801_1872239473 Label:TargetPoint_Blueprint SpatiallyLoaded:1 Bounds:IsValid=true, Min=(X=2673.000 Y=2466.000 Z=55.063), Max=(X=2673.000 Y=2466.000 Z=55.063) RuntimeGrid:None EditorOnly:0 RuntimeOnly:0 HLODRelevant:0 ListedInSceneOutliner:1 IsMainWorldOnly:0
 |   |   |- Guid:1B72D2FF43B9897E1671379DA6D0CB23 BaseClass: NativeClass:/Script/NavigationSystem.RecastNavMesh Name:RecastNavMesh_UAID_04D4C404ED8A09F801-Default Label:RecastNavMesh-Default SpatiallyLoaded:0 Bounds:IsValid=true, Min=(X=0.000 Y=0.000 Z=0.000), Max=(X=0.000 Y=0.000 Z=0.000) RuntimeGrid:None EditorOnly:0 RuntimeOnly:0 HLODRelevant:0 ListedInSceneOutliner:1 IsMainWorldOnly:0
 |   |   |- Guid:1BE8166B469F306D77F7D78ECE566709 BaseClass: NativeClass:/Script/Engine.StaticMeshActor Name:StaticMeshActor_23 Label:SM_QuarterCylinder5 SpatiallyLoaded:1 Bounds:IsValid=true, Min=(X=452.000 Y=2800.000 Z=0.000), Max=(X=552.000 Y=2900.000 Z=200.000) RuntimeGrid:None EditorOnly:0 RuntimeOnly:0 HLODRelevant:1 ListedInSceneOutliner:1 IsMainWorldOnly:0 FolderPath:Block03 FolderGuid:7B7009C345D3D6DD94D3429E1D79C034
 |   |   |- Guid:3784BD144179D3B80AEFB49ACE6BF2BA BaseClass: NativeClass:/Script/Engine.StaticMeshActor Name:StaticMeshActor_4 Label:SM_Cube6 SpatiallyLoaded:1 Bounds:IsValid=true, Min=(X=2900.000 Y=100.000 Z=0.000), Max=(X=3000.000 Y=3400.000 Z=400.000) RuntimeGrid:None EditorOnly:0 RuntimeOnly:0 HLODRelevant:1 ListedInSceneOutliner:1 IsMainWorldOnly:0 FolderPath:Playground FolderGuid:C73F09FC4215536B1DCE2A9E0A830C70
 |   |   |- Guid:379D441743B0DA4BEA29BD9C9D9A1199 BaseClass: NativeClass:/Script/Engine.SkyAtmosphere Name:SkyAtmosphere_0 Label:SkyAtmosphere SpatiallyLoaded:0 Bounds:IsValid=true, Min=(X=0.000 Y=0.000 Z=1020.000), Max=(X=0.000 Y=0.000 Z=1020.000) RuntimeGrid:None EditorOnly:0 RuntimeOnly:0 HLODRelevant:0 ListedInSceneOutliner:1 IsMainWorldOnly:0 FolderPath:Lighting FolderGuid:963EC3EB4002CCE9759E2EBA541A873A
 |   |   |- Guid:390A5F0842ACAD8E4393509F7A5E8AF4 BaseClass: NativeClass:/Script/Engine.StaticMeshActor Name:StaticMeshActor_UAID_94C691F7842E12FD01_1218199499 Label:SM_Cube8 SpatiallyLoaded:1 Bounds:IsValid=true, Min=(X=1.000 Y=3372.000 Z=0.000), Max=(X=2426.000 Y=3472.000 Z=400.000) RuntimeGrid:None EditorOnly:0 RuntimeOnly:0 HLODRelevant:1 ListedInSceneOutliner:1 IsMainWorldOnly:0 FolderPath:Playground FolderGuid:C73F09FC4215536B1DCE2A9E0A830C70
 |   |   |- Guid:3B88145C44C63D2105C9F48E5D7AB975 BaseClass: NativeClass:/Script/Engine.StaticMeshActor Name:StaticMeshActor_UAID_94C691F7842E11FD01_2108248321 Label:SM_Cube7 SpatiallyLoaded:1 Bounds:IsValid=true, Min=(X=2348.000 Y=1590.000 Z=0.000), Max=(X=2448.000 Y=2265.000 Z=400.000) RuntimeGrid:None EditorOnly:0 RuntimeOnly:0 HLODRelevant:1 ListedInSceneOutliner:1 IsMainWorldOnly:0 FolderPath:Playground FolderGuid:C73F09FC4215536B1DCE2A9E0A830C70
 |   |   |- Guid:3EE669014DE1BB5D9E8D5C9162620B02 BaseClass: NativeClass:/Script/Engine.StaticMeshActor Name:StaticMeshActor_UAID_94C691F7842E12FD01_1239047500 Label:SM_Cube14 SpatiallyLoaded:1 Bounds:IsValid=true, Min=(X=1723.000 Y=2813.000 Z=0.000), Max=(X=2023.000 Y=3113.000 Z=200.000) RuntimeGrid:None EditorOnly:0 RuntimeOnly:0 HLODRelevant:1 ListedInSceneOutliner:1 IsMainWorldOnly:0 FolderPath:Block03 FolderGuid:7B7009C345D3D6DD94D3429E1D79C034
 |   |   |- Guid:416A13E94CC7DE95D62FBC80858F761C BaseClass: NativeClass:/Script/Engine.StaticMeshActor Name:StaticMeshActor_UAID_94C691F7842E12FD01_1347794502 Label:SM_Cube10 SpatiallyLoaded:1 Bounds:IsValid=true, Min=(X=2349.000 Y=2795.000 Z=0.000), Max=(X=2449.000 Y=3470.000 Z=400.000) RuntimeGrid:None EditorOnly:0 RuntimeOnly:0 HLODRelevant:1 ListedInSceneOutliner:1 IsMainWorldOnly:0 FolderPath:Playground FolderGuid:C73F09FC4215536B1DCE2A9E0A830C70
 |   |   |- Guid:4878B676429CCD67E52BE3961EEBAC62 BaseClass: NativeClass:/Script/Engine.TextRenderActor Name:TextRenderActor_1 Label:TextRenderActor SpatiallyLoaded:1 Bounds:IsValid=true, Min=(X=-0.100 Y=1100.000 Z=65.013), Max=(X=-0.100 Y=2392.308 Z=215.013) RuntimeGrid:None EditorOnly:0 RuntimeOnly:0 HLODRelevant:0 ListedInSceneOutliner:1 IsMainWorldOnly:0
 |   |   |- Guid:4998CE06427E12E93959478AD8391718 BaseClass:/Game/ThirdPerson/Blueprints/BP_Actors/Open-Map_BP.Open-Map_BP_C NativeClass:/Script/Engine.Actor Name:Anotehr_inv_col1_C_UAID_94C691F7842E26FD01_1255849029 Label:Anotehr_inv_col1 SpatiallyLoaded:1 Bounds:IsValid=true, Min=(X=2450.000 Y=4568.000 Z=-168.000), Max=(X=3026.000 Y=5224.000 Z=168.000) RuntimeGrid:None EditorOnly:0 RuntimeOnly:0 HLODRelevant:0 ListedInSceneOutliner:1 IsMainWorldOnly:0
 |   |   |- Guid:4E01E57E40276E6FD28CF0894005FD8E BaseClass:/Game/ThirdPerson/Blueprints/BP_Actors/Invisible_Wall_BP.Invisible_Wall_BP_C NativeClass:/Script/Engine.Actor Name:Invisible_Wall_BP_C_UAID_94C691F7842E21FD01_1145569139 Label:Invisible_Wall_BP SpatiallyLoaded:1 Bounds:IsValid=true, Min=(X=1225.000 Y=-303.000 Z=74.000), Max=(X=1289.000 Y=1505.000 Z=298.000) RuntimeGrid:None EditorOnly:0 RuntimeOnly:0 HLODRelevant:0 ListedInSceneOutliner:1 IsMainWorldOnly:0
 |   |   |- Guid:51F584BF4D0E7F7251CFC7B568579161 BaseClass:/Game/ThirdPerson/Blueprints/BP_Actors/SM_Cube9_Blueprint1.SM_Cube9_Blueprint1_C NativeClass:/Script/Engine.StaticMeshActor Name:SM_Cube9_Blueprint1_C_UAID_94C691F7842E14FD01_1986764863 Label:SM_Cube9_Blueprint2 SpatiallyLoaded:1 Bounds:IsValid=true, Min=(X=2402.022 Y=3493.511 Z=-120.879), Max=(X=2930.956 Y=4509.989 Z=20.671) RuntimeGrid:None EditorOnly:0 RuntimeOnly:0 HLODRelevant:1 ListedInSceneOutliner:1 IsMainWorldOnly:0
 |   |   |- Guid:5B92D44744D78C8DECC72C81C23B4444 BaseClass:/Game/ThirdPerson/Blueprints/BP_Actors/River_BP.River_BP_C NativeClass:/Script/Engine.StaticMeshActor Name:Cube_Blueprint_C_UAID_94C691F7842E22FD01_1140558317 Label:Cube_Blueprint SpatiallyLoaded:1 Bounds:IsValid=true, Min=(X=2129.000 Y=-220.000 Z=-128.000), Max=(X=2489.000 Y=3700.000 Z=-1.000) RuntimeGrid:None EditorOnly:0 RuntimeOnly:0 HLODRelevant:1 ListedInSceneOutliner:1 IsMainWorldOnly:0
 |   |   |- Guid:642193604C2401869FB78480B28119E2 BaseClass: NativeClass:/Script/Engine.PlayerStart Name:PlayerStart_0 Label:PlayerStart SpatiallyLoaded:0 Bounds:IsValid=true, Min=(X=389.000 Y=796.000 Z=310.013), Max=(X=469.000 Y=876.000 Z=494.013) RuntimeGrid:None EditorOnly:0 RuntimeOnly:0 HLODRelevant:0 ListedInSceneOutliner:1 IsMainWorldOnly:0
 |   |   |- Guid:676C34264F921E8DBA28AAAB73102C05 BaseClass: NativeClass:/Script/Engine.StaticMeshActor Name:StaticMeshActor_2 Label:SM_ChamferCube SpatiallyLoaded:1 Bounds:IsValid=true, Min=(X=519.000 Y=1799.000 Z=0.013), Max=(X=619.000 Y=1899.000 Z=100.013) RuntimeGrid:None EditorOnly:0 RuntimeOnly:0 HLODRelevant:0 ListedInSceneOutliner:1 IsMainWorldOnly:0
 |   |   |- Guid:6CDCAB0C4BB7AAB1E42632A75CF43072 BaseClass: NativeClass:/Script/NavigationSystem.NavMeshBoundsVolume Name:NavMeshBoundsVolume_UAID_94C691F7842E63F801_1746693471 Label:NavMeshBoundsVolume2 SpatiallyLoaded:0 Bounds:IsValid=true, Min=(X=58.000 Y=-508.000 Z=-712.000), Max=(X=2858.000 Y=3392.000 Z=38.000) RuntimeGrid:None EditorOnly:0 RuntimeOnly:0 HLODRelevant:0 ListedInSceneOutliner:1 IsMainWorldOnly:0
 |   |   |- Guid:70A0FF9D41D14BB973CFFDA78BA18505 BaseClass: NativeClass:/Script/Engine.StaticMeshActor Name:StaticMeshActor_UAID_A4AE111137DC5EFB00_1110535423 Label:SM_SkySphere SpatiallyLoaded:0 Bounds:IsValid=true, Min=(X=-1638400.000 Y=-1638400.000 Z=-1638400.000), Max=(X=1638400.000 Y=1638400.000 Z=1638400.000) RuntimeGrid:None EditorOnly:0 RuntimeOnly:0 HLODRelevant:1 ListedInSceneOutliner:1 IsMainWorldOnly:0 FolderPath:Lighting FolderGuid:963EC3EB4002CCE9759E2EBA541A873A
 |   |   |- Guid:75D4F6F24CA067612C4160843C15871C BaseClass: NativeClass:/Script/Engine.WorldDataLayers Name:WorldDataLayers Label:WorldDataLayers SpatiallyLoaded:0 Bounds:Invalid RuntimeGrid:None EditorOnly:0 RuntimeOnly:0 HLODRelevant:0 ListedInSceneOutliner:1 IsMainWorldOnly:1
 |   |   |- Guid:76F74E3D4A343C2A635E5E8ADC6CFB6B BaseClass: NativeClass:/Script/Engine.StaticMeshActor Name:StaticMeshActor_UAID_94C691F7842E25FD01_2062300850 Label:SM_Cube16 SpatiallyLoaded:1 Bounds:IsValid=true, Min=(X=4108.000 Y=3345.000 Z=0.000), Max=(X=4208.000 Y=6645.000 Z=400.000) RuntimeGrid:None EditorOnly:0 RuntimeOnly:0 HLODRelevant:1 ListedInSceneOutliner:1 IsMainWorldOnly:0 FolderPath:Playground FolderGuid:C73F09FC4215536B1DCE2A9E0A830C70
 |   |   |- Guid:79B4AA4A490665B010F8BCA8C1893610 BaseClass:/Game/ThirdPerson/Blueprints/BP_Actors/SM_Cube9_Blueprint1.SM_Cube9_Blueprint1_C NativeClass:/Script/Engine.StaticMeshActor Name:SM_Cube9_Blueprint1_C_UAID_94C691F7842E14FD01_1994782864 Label:SM_Cube9_Blueprint3 SpatiallyLoaded:1 Bounds:IsValid=true, Min=(X=2105.504 Y=2337.696 Z=-120.879), Max=(X=2444.330 Y=2690.319 Z=20.671) RuntimeGrid:None EditorOnly:0 RuntimeOnly:0 HLODRelevant:1 ListedInSceneOutliner:1 IsMainWorldOnly:0
 |   |   |- Guid:7B84BE4E444F4E115D0C1B825A348592 BaseClass: NativeClass:/Script/Engine.StaticMeshActor Name:StaticMeshActor_UAID_94C691F7842E12FD01_2011685505 Label:SM_Cube15 SpatiallyLoaded:1 Bounds:IsValid=true, Min=(X=2424.000 Y=4452.000 Z=-50.000), Max=(X=3049.000 Y=5452.000 Z=0.000) RuntimeGrid:None EditorOnly:0 RuntimeOnly:0 HLODRelevant:1 ListedInSceneOutliner:1 IsMainWorldOnly:0 FolderPath:Playground FolderGuid:C73F09FC4215536B1DCE2A9E0A830C70
 |   |   |- Guid:873225D043C34270D6D21B8A38FB9A11 BaseClass: NativeClass:/Script/Engine.StaticMeshActor Name:StaticMeshActor_5 Label:SM_Cube2 SpatiallyLoaded:1 Bounds:IsValid=true, Min=(X=0.000 Y=56.000 Z=-64.000), Max=(X=3000.000 Y=156.000 Z=386.000) RuntimeGrid:None EditorOnly:0 RuntimeOnly:0 HLODRelevant:1 ListedInSceneOutliner:1 IsMainWorldOnly:0 FolderPath:Playground FolderGuid:C73F09FC4215536B1DCE2A9E0A830C70
 |   |   |- Guid:8A14254349B1A5C657D52FA0645D989D BaseClass: NativeClass:/Script/Engine.StaticMeshActor Name:StaticMeshActor_UAID_94C691F7842E25FD01_2097934851 Label:SM_Cube17 SpatiallyLoaded:1 Bounds:IsValid=true, Min=(X=1225.000 Y=3439.000 Z=0.000), Max=(X=1325.000 Y=6739.000 Z=400.000) RuntimeGrid:None EditorOnly:0 RuntimeOnly:0 HLODRelevant:1 ListedInSceneOutliner:1 IsMainWorldOnly:0 FolderPath:Playground FolderGuid:C73F09FC4215536B1DCE2A9E0A830C70
 |   |   |- Guid:8B35EA29457AE19004061E9E5B8C8E66 BaseClass:/Game/ThirdPerson/Blueprints/AI/Friends/Tutorial_Friends/Croc_Tut_BP.Croc_Tut_BP_C NativeClass:/Script/Engine.Character Name:Croc_Tut_BP_C_UAID_94C691F7842E25FD01_1607584848 Label:Croc_Tut_BP SpatiallyLoaded:1 Bounds:IsValid=true, Min=(X=2390.309 Y=3617.932 Z=-19.019), Max=(X=2899.885 Y=4112.821 Z=399.000) RuntimeGrid:None EditorOnly:0 RuntimeOnly:0 HLODRelevant:0 ListedInSceneOutliner:1 IsMainWorldOnly:0
 |   |   |- Guid:8B6FD73146FB04FFAE6FB9BCA63DA799 BaseClass:/Game/ThirdPerson/Blueprints/BP_Actors/SM_Cube9_Blueprint1.SM_Cube9_Blueprint1_C NativeClass:/Script/Engine.StaticMeshActor Name:SM_Cube9_Blueprint1_C_UAID_94C691F7842E12FD01_1940688504 Label:SM_Cube9_Blueprint1 SpatiallyLoaded:1 Bounds:IsValid=true, Min=(X=2401.022 Y=3492.511 Z=-120.879), Max=(X=2929.956 Y=4508.989 Z=20.671) RuntimeGrid:None EditorOnly:0 RuntimeOnly:0 HLODRelevant:1 ListedInSceneOutliner:1 IsMainWorldOnly:0
 |   |   |- Guid:8CE1752149BEE4966EDAEBBBD25F20AB BaseClass: NativeClass:/Script/Engine.StaticMeshActor Name:StaticMeshActor_10 Label:SM_ChamferCube2 SpatiallyLoaded:1 Bounds:IsValid=true, Min=(X=1742.077 Y=1783.077 Z=0.013), Max=(X=1857.923 Y=1898.923 Z=100.013) RuntimeGrid:None EditorOnly:0 RuntimeOnly:0 HLODRelevant:0 ListedInSceneOutliner:1 IsMainWorldOnly:0
 |   |   |- Guid:97BFB48D451B518D42869E879E5EE4A9 BaseClass: NativeClass:/Script/Engine.StaticMeshActor Name:StaticMeshActor_0 Label:SM_Cube5 SpatiallyLoaded:1 Bounds:IsValid=true, Min=(X=-0.000 Y=100.000 Z=0.000), Max=(X=100.000 Y=3400.000 Z=400.000) RuntimeGrid:None EditorOnly:0 RuntimeOnly:0 HLODRelevant:1 ListedInSceneOutliner:1 IsMainWorldOnly:0 FolderPath:Playground FolderGuid:C73F09FC4215536B1DCE2A9E0A830C70
 |   |   |- Guid:9BEC6349427BB5A66BDE3DB70207906F BaseClass: NativeClass:/Script/Engine.StaticMeshActor Name:StaticMeshActor_6 Label:SM_Cube3 SpatiallyLoaded:1 Bounds:IsValid=true, Min=(X=0.000 Y=1493.000 Z=0.000), Max=(X=2425.000 Y=1593.000 Z=400.000) RuntimeGrid:None EditorOnly:0 RuntimeOnly:0 HLODRelevant:1 ListedInSceneOutliner:1 IsMainWorldOnly:0 FolderPath:Playground FolderGuid:C73F09FC4215536B1DCE2A9E0A830C70
 |   |   |- Guid:A2511310467F0B770B535B894E361BDE BaseClass: NativeClass:/Script/Engine.StaticMeshActor Name:StaticMeshActor_24 Label:SM_Cube13 SpatiallyLoaded:1 Bounds:IsValid=true, Min=(X=452.000 Y=2700.000 Z=0.000), Max=(X=552.000 Y=2800.000 Z=200.000) RuntimeGrid:None EditorOnly:0 RuntimeOnly:0 HLODRelevant:1 ListedInSceneOutliner:1 IsMainWorldOnly:0 FolderPath:Block03 FolderGuid:7B7009C345D3D6DD94D3429E1D79C034
 |   |   |- Guid:B038EC4744BC3FED18834DB01C026FC9 BaseClass: NativeClass:/Script/Engine.VolumetricCloud Name:VolumetricCloud_0 Label:VolumetricCloud SpatiallyLoaded:0 Bounds:IsValid=true, Min=(X=0.000 Y=0.000 Z=820.000), Max=(X=0.000 Y=0.000 Z=820.000) RuntimeGrid:None EditorOnly:0 RuntimeOnly:0 HLODRelevant:0 ListedInSceneOutliner:1 IsMainWorldOnly:0 FolderPath:Lighting FolderGuid:963EC3EB4002CCE9759E2EBA541A873A
 |   |   |- Guid:BC832AD74D8BBCA3C5376494CC1F5A65 BaseClass: NativeClass:/Script/Engine.StaticMeshActor Name:StaticMeshActor_UAID_94C691F7842E12FD01_1211726498 Label:SM_Cube12 SpatiallyLoaded:1 Bounds:IsValid=true, Min=(X=974.000 Y=2046.000 Z=0.000), Max=(X=1274.000 Y=2346.000 Z=200.000) RuntimeGrid:None EditorOnly:0 RuntimeOnly:0 HLODRelevant:1 ListedInSceneOutliner:1 IsMainWorldOnly:0 FolderPath:Block03 FolderGuid:7B7009C345D3D6DD94D3429E1D79C034
 |   |   |- Guid:CF04E96143093142ABF21D874B2AB18F BaseClass:/Game/ThirdPerson/Blueprints/Fracture_Test_BP.Fracture_Test_BP_C NativeClass:/Script/GeometryCollectionEngine.GeometryCollectionActor Name:Fracture_Test_BP_C_UAID_E89C256EA2035F6802_1583974054 Label:Fracture_Test_BP SpatiallyLoaded:1 Bounds:IsValid=true, Min=(X=702.000 Y=832.000 Z=-2.437), Max=(X=958.000 Y=1088.000 Z=277.563) RuntimeGrid:None EditorOnly:0 RuntimeOnly:0 HLODRelevant:0 ListedInSceneOutliner:1 IsMainWorldOnly:0
 |   |   |- Guid:DA718CDC49D5B22DA4E2C1ABE5D20465 BaseClass: NativeClass:/Script/Engine.StaticMeshActor Name:StaticMeshActor_16 Label:SM_Cube11 SpatiallyLoaded:1 Bounds:IsValid=true, Min=(X=974.000 Y=2326.000 Z=0.000), Max=(X=1274.000 Y=2626.000 Z=200.000) RuntimeGrid:None EditorOnly:0 RuntimeOnly:0 HLODRelevant:1 ListedInSceneOutliner:1 IsMainWorldOnly:0 FolderPath:Block03 FolderGuid:7B7009C345D3D6DD94D3429E1D79C034
 |   |   |- Guid:E2DEF0F0404931112A3CB9AF4475B659 BaseClass: NativeClass:/Script/Engine.StaticMeshActor Name:StaticMeshActor_22 Label:SM_QuarterCylinder4 SpatiallyLoaded:1 Bounds:IsValid=true, Min=(X=452.000 Y=2600.000 Z=0.000), Max=(X=552.000 Y=2700.000 Z=200.000) RuntimeGrid:None EditorOnly:0 RuntimeOnly:0 HLODRelevant:1 ListedInSceneOutliner:1 IsMainWorldOnly:0 FolderPath:Block03 FolderGuid:7B7009C345D3D6DD94D3429E1D79C034
 |   |   |- Guid:E337660C45836EA12845C9AC95A2D414 BaseClass:/Game/ThirdPerson/Blueprints/AI/Tutorial_AI.Tutorial_AI_C NativeClass:/Script/Engine.Character Name:Tutorial_AI_C_UAID_94C691F7842E15FD01_1452989041 Label:Tutorial_AI SpatiallyLoaded:1 Bounds:IsValid=true, Min=(X=648.540 Y=747.878 Z=-2.142), Max=(X=739.000 Y=829.666 Z=72.063) RuntimeGrid:None EditorOnly:0 RuntimeOnly:0 HLODRelevant:0 ListedInSceneOutliner:1 IsMainWorldOnly:0
 |   |   |- Guid:E439DF99422B52141F5A99AF9AF48D83 BaseClass: NativeClass:/Script/Engine.PostProcessVolume Name:PostProcessVolume_0 Label:PostProcessVolume SpatiallyLoaded:0 Bounds:IsValid=true, Min=(X=0.000 Y=0.000 Z=400.000), Max=(X=200.000 Y=200.000 Z=600.000) RuntimeGrid:None EditorOnly:0 RuntimeOnly:0 HLODRelevant:0 ListedInSceneOutliner:1 IsMainWorldOnly:0 FolderPath:Lighting FolderGuid:963EC3EB4002CCE9759E2EBA541A873A
 |   |   |- Guid:E6FB51B5498CD243C59706A4497CD234 BaseClass: NativeClass:/Script/Engine.ExponentialHeightFog Name:ExponentialHeightFog_0 Label:ExponentialHeightFog SpatiallyLoaded:0 Bounds:IsValid=true, Min=(X=-5600.000 Y=-50.000 Z=-6850.000), Max=(X=-5600.000 Y=-50.000 Z=-6850.000) RuntimeGrid:None EditorOnly:0 RuntimeOnly:0 HLODRelevant:0 ListedInSceneOutliner:1 IsMainWorldOnly:0 FolderPath:Lighting FolderGuid:963EC3EB4002CCE9759E2EBA541A873A
 |   |   |- Guid:E8EFA480490751807C5A948B66F025D0 BaseClass: NativeClass:/Script/Engine.StaticMeshActor Name:StaticMeshActor_UAID_94C691F7842E12FD01_1481551503 Label:Cube2 SpatiallyLoaded:1 Bounds:IsValid=true, Min=(X=1286.500 Y=3438.500 Z=-121.000), Max=(X=4111.500 Y=7013.500 Z=-21.000) RuntimeGrid:None EditorOnly:0 RuntimeOnly:0 HLODRelevant:1 ListedInSceneOutliner:1 IsMainWorldOnly:0
 |   |   |- Guid:EAFA94BD4999A85188933F9C65FE07FF BaseClass: NativeClass:/Script/Engine.StaticMeshActor Name:StaticMeshActor_1 Label:SM_Cube SpatiallyLoaded:1 Bounds:IsValid=true, Min=(X=0.000 Y=0.000 Z=-50.000), Max=(X=2200.000 Y=3500.000 Z=0.000) RuntimeGrid:None EditorOnly:0 RuntimeOnly:0 HLODRelevant:1 ListedInSceneOutliner:1 IsMainWorldOnly:0 FolderPath:Playground FolderGuid:C73F09FC4215536B1DCE2A9E0A830C70
 |   |   |- Guid:F6A5C92E4FFD23B9815CBB899820EDC0 BaseClass: NativeClass:/Script/Engine.StaticMeshActor Name:StaticMeshActor_UAID_94C691F7842E25FD01_2033426849 Label:SM_Cube9 SpatiallyLoaded:1 Bounds:IsValid=true, Min=(X=2898.000 Y=3373.000 Z=0.000), Max=(X=4198.000 Y=3473.000 Z=400.000) RuntimeGrid:None EditorOnly:0 RuntimeOnly:0 HLODRelevant:1 ListedInSceneOutliner:1 IsMainWorldOnly:0 FolderPath:Playground FolderGuid:C73F09FC4215536B1DCE2A9E0A830C70
 |   |   |- Guid:FC407579498A453456C415AE27FDADD6 BaseClass: NativeClass:/Script/Engine.StaticMeshActor Name:StaticMeshActor_UAID_94C691F7842E25FD01_2111313852 Label:SM_Cube18 SpatiallyLoaded:1 Bounds:IsValid=true, Min=(X=1220.000 Y=6467.000 Z=0.000), Max=(X=4245.000 Y=6567.000 Z=400.000) RuntimeGrid:None EditorOnly:0 RuntimeOnly:0 HLODRelevant:1 ListedInSceneOutliner:1 IsMainWorldOnly:0 FolderPath:Playground FolderGuid:C73F09FC4215536B1DCE2A9E0A830C70
 |   |   |- Guid:FE5815034ED490551902E0AABBBEB6E6 BaseClass: NativeClass:/Script/Engine.SkyLight Name:SkyLight_1 Label:SkyLight SpatiallyLoaded:0 Bounds:IsValid=true, Min=(X=0.000 Y=0.000 Z=690.000), Max=(X=0.000 Y=0.000 Z=690.000) RuntimeGrid:None EditorOnly:0 RuntimeOnly:0 HLODRelevant:0 ListedInSceneOutliner:1 IsMainWorldOnly:0 FolderPath:Lighting FolderGuid:963EC3EB4002CCE9759E2EBA541A873A
 |   |- [+] Clusters:
 |   |   |- [+] [  0]
 |   |   |   |- Guid:02988EAA4C98C52D7E3B7295F92E8890 BaseClass: NativeClass:/Script/Engine.SkeletalMeshActor Name:SkeletalMeshActor_UAID_94C691F7842ED3F701_1456353127 Label:PikachuF SpatiallyLoaded:1 Bounds:IsValid=true, Min=(X=1320.000 Y=1250.000 Z=40.000), Max=(X=1320.000 Y=1250.000 Z=40.000) RuntimeGrid:None EditorOnly:0 RuntimeOnly:0 HLODRelevant:0 ListedInSceneOutliner:1 IsMainWorldOnly:0
 |   |   |- [+] [  1]
 |   |   |   |- Guid:0AE0C5984A012B25962F7F90E66F8AF7 BaseClass: NativeClass:/Script/Engine.StaticMeshActor Name:StaticMeshActor_11 Label:SM_ChamferCube3 SpatiallyLoaded:1 Bounds:IsValid=true, Min=(X=747.699 Y=3089.699 Z=0.013), Max=(X=884.301 Y=3226.301 Z=100.013) RuntimeGrid:None EditorOnly:0 RuntimeOnly:0 HLODRelevant:0 ListedInSceneOutliner:1 IsMainWorldOnly:0
 |   |   |- [+] [  2]
 |   |   |   |- Guid:0C546FF64558606987D1948675F42272 BaseClass: NativeClass:/Script/Engine.DirectionalLight Name:DirectionalLight_0 Label:DirectionalLight SpatiallyLoaded:0 Bounds:IsValid=true, Min=(X=-4398046511104.000 Y=-4398046511104.000 Z=-4398046511104.000), Max=(X=4398046511104.000 Y=4398046511104.000 Z=4398046511104.000) RuntimeGrid:None EditorOnly:0 RuntimeOnly:0 HLODRelevant:0 ListedInSceneOutliner:1 IsMainWorldOnly:0 FolderPath:Lighting FolderGuid:963EC3EB4002CCE9759E2EBA541A873A
 |   |   |- [+] [  3]
 |   |   |   |- Guid:15E0906C43D4213FE045FDAEA830C2C4 BaseClass: NativeClass:/Script/Engine.StaticMeshActor Name:StaticMeshActor_UAID_94C691F7842E11FD01_1825973320 Label:SM_Cube4 SpatiallyLoaded:1 Bounds:IsValid=true, Min=(X=2423.000 Y=1.000 Z=-50.000), Max=(X=3048.000 Y=3501.000 Z=0.000) RuntimeGrid:None EditorOnly:0 RuntimeOnly:0 HLODRelevant:1 ListedInSceneOutliner:1 IsMainWorldOnly:0 FolderPath:Playground FolderGuid:C73F09FC4215536B1DCE2A9E0A830C70
 |   |   |- [+] [  4]
 |   |   |   |- Guid:1737DA3B45C7CC527037D2B0FD97469D BaseClass:/Game/ThirdPerson/Blueprints/BP_Actors/Anotehr_inv_col.Anotehr_inv_col_C NativeClass:/Script/Engine.Actor Name:Anotehr_inv_col_C_UAID_94C691F7842E23FD01_1792214494 Label:Anotehr_inv_col SpatiallyLoaded:1 Bounds:IsValid=true, Min=(X=2416.000 Y=2349.000 Z=-32.000), Max=(X=2912.000 Y=2413.000 Z=32.000) RuntimeGrid:None EditorOnly:0 RuntimeOnly:0 HLODRelevant:0 ListedInSceneOutliner:1 IsMainWorldOnly:0
 |   |   |- [+] [  5]
 |   |   |   |- Guid:17E0A5E44D89CE3D8EA6C3A6741B7186 BaseClass:/Game/ThirdPerson/Blueprints/TargetPoint_Blueprint.TargetPoint_Blueprint_C NativeClass:/Script/Engine.TargetPoint Name:TargetPoint_Blueprint_C_UAID_94C691F7842E63F801_1872239473 Label:TargetPoint_Blueprint SpatiallyLoaded:1 Bounds:IsValid=true, Min=(X=2673.000 Y=2466.000 Z=55.063), Max=(X=2673.000 Y=2466.000 Z=55.063) RuntimeGrid:None EditorOnly:0 RuntimeOnly:0 HLODRelevant:0 ListedInSceneOutliner:1 IsMainWorldOnly:0
 |   |   |- [+] [  6]
 |   |   |   |- Guid:1B72D2FF43B9897E1671379DA6D0CB23 BaseClass: NativeClass:/Script/NavigationSystem.RecastNavMesh Name:RecastNavMesh_UAID_04D4C404ED8A09F801-Default Label:RecastNavMesh-Default SpatiallyLoaded:0 Bounds:IsValid=true, Min=(X=0.000 Y=0.000 Z=0.000), Max=(X=0.000 Y=0.000 Z=0.000) RuntimeGrid:None EditorOnly:0 RuntimeOnly:0 HLODRelevant:0 ListedInSceneOutliner:1 IsMainWorldOnly:0
 |   |   |- [+] [  7]
 |   |   |   |- Guid:1BE8166B469F306D77F7D78ECE566709 BaseClass: NativeClass:/Script/Engine.StaticMeshActor Name:StaticMeshActor_23 Label:SM_QuarterCylinder5 SpatiallyLoaded:1 Bounds:IsValid=true, Min=(X=452.000 Y=2800.000 Z=0.000), Max=(X=552.000 Y=2900.000 Z=200.000) RuntimeGrid:None EditorOnly:0 RuntimeOnly:0 HLODRelevant:1 ListedInSceneOutliner:1 IsMainWorldOnly:0 FolderPath:Block03 FolderGuid:7B7009C345D3D6DD94D3429E1D79C034
 |   |   |- [+] [  8]
 |   |   |   |- Guid:3784BD144179D3B80AEFB49ACE6BF2BA BaseClass: NativeClass:/Script/Engine.StaticMeshActor Name:StaticMeshActor_4 Label:SM_Cube6 SpatiallyLoaded:1 Bounds:IsValid=true, Min=(X=2900.000 Y=100.000 Z=0.000), Max=(X=3000.000 Y=3400.000 Z=400.000) RuntimeGrid:None EditorOnly:0 RuntimeOnly:0 HLODRelevant:1 ListedInSceneOutliner:1 IsMainWorldOnly:0 FolderPath:Playground FolderGuid:C73F09FC4215536B1DCE2A9E0A830C70
 |   |   |- [+] [  9]
 |   |   |   |- Guid:379D441743B0DA4BEA29BD9C9D9A1199 BaseClass: NativeClass:/Script/Engine.SkyAtmosphere Name:SkyAtmosphere_0 Label:SkyAtmosphere SpatiallyLoaded:0 Bounds:IsValid=true, Min=(X=0.000 Y=0.000 Z=1020.000), Max=(X=0.000 Y=0.000 Z=1020.000) RuntimeGrid:None EditorOnly:0 RuntimeOnly:0 HLODRelevant:0 ListedInSceneOutliner:1 IsMainWorldOnly:0 FolderPath:Lighting FolderGuid:963EC3EB4002CCE9759E2EBA541A873A
 |   |   |- [+] [ 10]
 |   |   |   |- Guid:390A5F0842ACAD8E4393509F7A5E8AF4 BaseClass: NativeClass:/Script/Engine.StaticMeshActor Name:StaticMeshActor_UAID_94C691F7842E12FD01_1218199499 Label:SM_Cube8 SpatiallyLoaded:1 Bounds:IsValid=true, Min=(X=1.000 Y=3372.000 Z=0.000), Max=(X=2426.000 Y=3472.000 Z=400.000) RuntimeGrid:None EditorOnly:0 RuntimeOnly:0 HLODRelevant:1 ListedInSceneOutliner:1 IsMainWorldOnly:0 FolderPath:Playground FolderGuid:C73F09FC4215536B1DCE2A9E0A830C70
 |   |   |- [+] [ 11]
 |   |   |   |- Guid:3B88145C44C63D2105C9F48E5D7AB975 BaseClass: NativeClass:/Script/Engine.StaticMeshActor Name:StaticMeshActor_UAID_94C691F7842E11FD01_2108248321 Label:SM_Cube7 SpatiallyLoaded:1 Bounds:IsValid=true, Min=(X=2348.000 Y=1590.000 Z=0.000), Max=(X=2448.000 Y=2265.000 Z=400.000) RuntimeGrid:None EditorOnly:0 RuntimeOnly:0 HLODRelevant:1 ListedInSceneOutliner:1 IsMainWorldOnly:0 FolderPath:Playground FolderGuid:C73F09FC4215536B1DCE2A9E0A830C70
 |   |   |- [+] [ 12]
 |   |   |   |- Guid:3EE669014DE1BB5D9E8D5C9162620B02 BaseClass: NativeClass:/Script/Engine.StaticMeshActor Name:StaticMeshActor_UAID_94C691F7842E12FD01_1239047500 Label:SM_Cube14 SpatiallyLoaded:1 Bounds:IsValid=true, Min=(X=1723.000 Y=2813.000 Z=0.000), Max=(X=2023.000 Y=3113.000 Z=200.000) RuntimeGrid:None EditorOnly:0 RuntimeOnly:0 HLODRelevant:1 ListedInSceneOutliner:1 IsMainWorldOnly:0 FolderPath:Block03 FolderGuid:7B7009C345D3D6DD94D3429E1D79C034
 |   |   |- [+] [ 13]
 |   |   |   |- Guid:416A13E94CC7DE95D62FBC80858F761C BaseClass: NativeClass:/Script/Engine.StaticMeshActor Name:StaticMeshActor_UAID_94C691F7842E12FD01_1347794502 Label:SM_Cube10 SpatiallyLoaded:1 Bounds:IsValid=true, Min=(X=2349.000 Y=2795.000 Z=0.000), Max=(X=2449.000 Y=3470.000 Z=400.000) RuntimeGrid:None EditorOnly:0 RuntimeOnly:0 HLODRelevant:1 ListedInSceneOutliner:1 IsMainWorldOnly:0 FolderPath:Playground FolderGuid:C73F09FC4215536B1DCE2A9E0A830C70
 |   |   |- [+] [ 14]
 |   |   |   |- Guid:4878B676429CCD67E52BE3961EEBAC62 BaseClass: NativeClass:/Script/Engine.TextRenderActor Name:TextRenderActor_1 Label:TextRenderActor SpatiallyLoaded:1 Bounds:IsValid=true, Min=(X=-0.100 Y=1100.000 Z=65.013), Max=(X=-0.100 Y=2392.308 Z=215.013) RuntimeGrid:None EditorOnly:0 RuntimeOnly:0 HLODRelevant:0 ListedInSceneOutliner:1 IsMainWorldOnly:0
 |   |   |- [+] [ 15]
 |   |   |   |- Guid:4998CE06427E12E93959478AD8391718 BaseClass:/Game/ThirdPerson/Blueprints/BP_Actors/Open-Map_BP.Open-Map_BP_C NativeClass:/Script/Engine.Actor Name:Anotehr_inv_col1_C_UAID_94C691F7842E26FD01_1255849029 Label:Anotehr_inv_col1 SpatiallyLoaded:1 Bounds:IsValid=true, Min=(X=2450.000 Y=4568.000 Z=-168.000), Max=(X=3026.000 Y=5224.000 Z=168.000) RuntimeGrid:None EditorOnly:0 RuntimeOnly:0 HLODRelevant:0 ListedInSceneOutliner:1 IsMainWorldOnly:0
 |   |   |- [+] [ 16]
 |   |   |   |- Guid:4E01E57E40276E6FD28CF0894005FD8E BaseClass:/Game/ThirdPerson/Blueprints/BP_Actors/Invisible_Wall_BP.Invisible_Wall_BP_C NativeClass:/Script/Engine.Actor Name:Invisible_Wall_BP_C_UAID_94C691F7842E21FD01_1145569139 Label:Invisible_Wall_BP SpatiallyLoaded:1 Bounds:IsValid=true, Min=(X=1225.000 Y=-303.000 Z=74.000), Max=(X=1289.000 Y=1505.000 Z=298.000) RuntimeGrid:None EditorOnly:0 RuntimeOnly:0 HLODRelevant:0 ListedInSceneOutliner:1 IsMainWorldOnly:0
 |   |   |- [+] [ 17]
 |   |   |   |- Guid:51F584BF4D0E7F7251CFC7B568579161 BaseClass:/Game/ThirdPerson/Blueprints/BP_Actors/SM_Cube9_Blueprint1.SM_Cube9_Blueprint1_C NativeClass:/Script/Engine.StaticMeshActor Name:SM_Cube9_Blueprint1_C_UAID_94C691F7842E14FD01_1986764863 Label:SM_Cube9_Blueprint2 SpatiallyLoaded:1 Bounds:IsValid=true, Min=(X=2402.022 Y=3493.511 Z=-120.879), Max=(X=2930.956 Y=4509.989 Z=20.671) RuntimeGrid:None EditorOnly:0 RuntimeOnly:0 HLODRelevant:1 ListedInSceneOutliner:1 IsMainWorldOnly:0
 |   |   |- [+] [ 18]
 |   |   |   |- Guid:5B92D44744D78C8DECC72C81C23B4444 BaseClass:/Game/ThirdPerson/Blueprints/BP_Actors/River_BP.River_BP_C NativeClass:/Script/Engine.StaticMeshActor Name:Cube_Blueprint_C_UAID_94C691F7842E22FD01_1140558317 Label:Cube_Blueprint SpatiallyLoaded:1 Bounds:IsValid=true, Min=(X=2129.000 Y=-220.000 Z=-128.000), Max=(X=2489.000 Y=3700.000 Z=-1.000) RuntimeGrid:None EditorOnly:0 RuntimeOnly:0 HLODRelevant:1 ListedInSceneOutliner:1 IsMainWorldOnly:0
 |   |   |- [+] [ 19]
 |   |   |   |- Guid:642193604C2401869FB78480B28119E2 BaseClass: NativeClass:/Script/Engine.PlayerStart Name:PlayerStart_0 Label:PlayerStart SpatiallyLoaded:0 Bounds:IsValid=true, Min=(X=389.000 Y=796.000 Z=310.013), Max=(X=469.000 Y=876.000 Z=494.013) RuntimeGrid:None EditorOnly:0 RuntimeOnly:0 HLODRelevant:0 ListedInSceneOutliner:1 IsMainWorldOnly:0
 |   |   |- [+] [ 20]
 |   |   |   |- Guid:676C34264F921E8DBA28AAAB73102C05 BaseClass: NativeClass:/Script/Engine.StaticMeshActor Name:StaticMeshActor_2 Label:SM_ChamferCube SpatiallyLoaded:1 Bounds:IsValid=true, Min=(X=519.000 Y=1799.000 Z=0.013), Max=(X=619.000 Y=1899.000 Z=100.013) RuntimeGrid:None EditorOnly:0 RuntimeOnly:0 HLODRelevant:0 ListedInSceneOutliner:1 IsMainWorldOnly:0
 |   |   |- [+] [ 21]
 |   |   |   |- Guid:6CDCAB0C4BB7AAB1E42632A75CF43072 BaseClass: NativeClass:/Script/NavigationSystem.NavMeshBoundsVolume Name:NavMeshBoundsVolume_UAID_94C691F7842E63F801_1746693471 Label:NavMeshBoundsVolume2 SpatiallyLoaded:0 Bounds:IsValid=true, Min=(X=58.000 Y=-508.000 Z=-712.000), Max=(X=2858.000 Y=3392.000 Z=38.000) RuntimeGrid:None EditorOnly:0 RuntimeOnly:0 HLODRelevant:0 ListedInSceneOutliner:1 IsMainWorldOnly:0
 |   |   |- [+] [ 22]
 |   |   |   |- Guid:70A0FF9D41D14BB973CFFDA78BA18505 BaseClass: NativeClass:/Script/Engine.StaticMeshActor Name:StaticMeshActor_UAID_A4AE111137DC5EFB00_1110535423 Label:SM_SkySphere SpatiallyLoaded:0 Bounds:IsValid=true, Min=(X=-1638400.000 Y=-1638400.000 Z=-1638400.000), Max=(X=1638400.000 Y=1638400.000 Z=1638400.000) RuntimeGrid:None EditorOnly:0 RuntimeOnly:0 HLODRelevant:1 ListedInSceneOutliner:1 IsMainWorldOnly:0 FolderPath:Lighting FolderGuid:963EC3EB4002CCE9759E2EBA541A873A
 |   |   |- [+] [ 23]
 |   |   |   |- Guid:75D4F6F24CA067612C4160843C15871C BaseClass: NativeClass:/Script/Engine.WorldDataLayers Name:WorldDataLayers Label:WorldDataLayers SpatiallyLoaded:0 Bounds:Invalid RuntimeGrid:None EditorOnly:0 RuntimeOnly:0 HLODRelevant:0 ListedInSceneOutliner:1 IsMainWorldOnly:1
 |   |   |- [+] [ 24]
 |   |   |   |- Guid:76F74E3D4A343C2A635E5E8ADC6CFB6B BaseClass: NativeClass:/Script/Engine.StaticMeshActor Name:StaticMeshActor_UAID_94C691F7842E25FD01_2062300850 Label:SM_Cube16 SpatiallyLoaded:1 Bounds:IsValid=true, Min=(X=4108.000 Y=3345.000 Z=0.000), Max=(X=4208.000 Y=6645.000 Z=400.000) RuntimeGrid:None EditorOnly:0 RuntimeOnly:0 HLODRelevant:1 ListedInSceneOutliner:1 IsMainWorldOnly:0 FolderPath:Playground FolderGuid:C73F09FC4215536B1DCE2A9E0A830C70
 |   |   |- [+] [ 25]
 |   |   |   |- Guid:79B4AA4A490665B010F8BCA8C1893610 BaseClass:/Game/ThirdPerson/Blueprints/BP_Actors/SM_Cube9_Blueprint1.SM_Cube9_Blueprint1_C NativeClass:/Script/Engine.StaticMeshActor Name:SM_Cube9_Blueprint1_C_UAID_94C691F7842E14FD01_1994782864 Label:SM_Cube9_Blueprint3 SpatiallyLoaded:1 Bounds:IsValid=true, Min=(X=2105.504 Y=2337.696 Z=-120.879), Max=(X=2444.330 Y=2690.319 Z=20.671) RuntimeGrid:None EditorOnly:0 RuntimeOnly:0 HLODRelevant:1 ListedInSceneOutliner:1 IsMainWorldOnly:0
 |   |   |- [+] [ 26]
 |   |   |   |- Guid:7B84BE4E444F4E115D0C1B825A348592 BaseClass: NativeClass:/Script/Engine.StaticMeshActor Name:StaticMeshActor_UAID_94C691F7842E12FD01_2011685505 Label:SM_Cube15 SpatiallyLoaded:1 Bounds:IsValid=true, Min=(X=2424.000 Y=4452.000 Z=-50.000), Max=(X=3049.000 Y=5452.000 Z=0.000) RuntimeGrid:None EditorOnly:0 RuntimeOnly:0 HLODRelevant:1 ListedInSceneOutliner:1 IsMainWorldOnly:0 FolderPath:Playground FolderGuid:C73F09FC4215536B1DCE2A9E0A830C70
 |   |   |- [+] [ 27]
 |   |   |   |- Guid:873225D043C34270D6D21B8A38FB9A11 BaseClass: NativeClass:/Script/Engine.StaticMeshActor Name:StaticMeshActor_5 Label:SM_Cube2 SpatiallyLoaded:1 Bounds:IsValid=true, Min=(X=0.000 Y=56.000 Z=-64.000), Max=(X=3000.000 Y=156.000 Z=386.000) RuntimeGrid:None EditorOnly:0 RuntimeOnly:0 HLODRelevant:1 ListedInSceneOutliner:1 IsMainWorldOnly:0 FolderPath:Playground FolderGuid:C73F09FC4215536B1DCE2A9E0A830C70
 |   |   |- [+] [ 28]
 |   |   |   |- Guid:8A14254349B1A5C657D52FA0645D989D BaseClass: NativeClass:/Script/Engine.StaticMeshActor Name:StaticMeshActor_UAID_94C691F7842E25FD01_2097934851 Label:SM_Cube17 SpatiallyLoaded:1 Bounds:IsValid=true, Min=(X=1225.000 Y=3439.000 Z=0.000), Max=(X=1325.000 Y=6739.000 Z=400.000) RuntimeGrid:None EditorOnly:0 RuntimeOnly:0 HLODRelevant:1 ListedInSceneOutliner:1 IsMainWorldOnly:0 FolderPath:Playground FolderGuid:C73F09FC4215536B1DCE2A9E0A830C70
 |   |   |- [+] [ 29]
 |   |   |   |- Guid:8B35EA29457AE19004061E9E5B8C8E66 BaseClass:/Game/ThirdPerson/Blueprints/AI/Friends/Tutorial_Friends/Croc_Tut_BP.Croc_Tut_BP_C NativeClass:/Script/Engine.Character Name:Croc_Tut_BP_C_UAID_94C691F7842E25FD01_1607584848 Label:Croc_Tut_BP SpatiallyLoaded:1 Bounds:IsValid=true, Min=(X=2390.309 Y=3617.932 Z=-19.019), Max=(X=2899.885 Y=4112.821 Z=399.000) RuntimeGrid:None EditorOnly:0 RuntimeOnly:0 HLODRelevant:0 ListedInSceneOutliner:1 IsMainWorldOnly:0
 |   |   |- [+] [ 30]
 |   |   |   |- Guid:8B6FD73146FB04FFAE6FB9BCA63DA799 BaseClass:/Game/ThirdPerson/Blueprints/BP_Actors/SM_Cube9_Blueprint1.SM_Cube9_Blueprint1_C NativeClass:/Script/Engine.StaticMeshActor Name:SM_Cube9_Blueprint1_C_UAID_94C691F7842E12FD01_1940688504 Label:SM_Cube9_Blueprint1 SpatiallyLoaded:1 Bounds:IsValid=true, Min=(X=2401.022 Y=3492.511 Z=-120.879), Max=(X=2929.956 Y=4508.989 Z=20.671) RuntimeGrid:None EditorOnly:0 RuntimeOnly:0 HLODRelevant:1 ListedInSceneOutliner:1 IsMainWorldOnly:0
 |   |   |- [+] [ 31]
 |   |   |   |- Guid:8CE1752149BEE4966EDAEBBBD25F20AB BaseClass: NativeClass:/Script/Engine.StaticMeshActor Name:StaticMeshActor_10 Label:SM_ChamferCube2 SpatiallyLoaded:1 Bounds:IsValid=true, Min=(X=1742.077 Y=1783.077 Z=0.013), Max=(X=1857.923 Y=1898.923 Z=100.013) RuntimeGrid:None EditorOnly:0 RuntimeOnly:0 HLODRelevant:0 ListedInSceneOutliner:1 IsMainWorldOnly:0
 |   |   |- [+] [ 32]
 |   |   |   |- Guid:97BFB48D451B518D42869E879E5EE4A9 BaseClass: NativeClass:/Script/Engine.StaticMeshActor Name:StaticMeshActor_0 Label:SM_Cube5 SpatiallyLoaded:1 Bounds:IsValid=true, Min=(X=-0.000 Y=100.000 Z=0.000), Max=(X=100.000 Y=3400.000 Z=400.000) RuntimeGrid:None EditorOnly:0 RuntimeOnly:0 HLODRelevant:1 ListedInSceneOutliner:1 IsMainWorldOnly:0 FolderPath:Playground FolderGuid:C73F09FC4215536B1DCE2A9E0A830C70
 |   |   |- [+] [ 33]
 |   |   |   |- Guid:9BEC6349427BB5A66BDE3DB70207906F BaseClass: NativeClass:/Script/Engine.StaticMeshActor Name:StaticMeshActor_6 Label:SM_Cube3 SpatiallyLoaded:1 Bounds:IsValid=true, Min=(X=0.000 Y=1493.000 Z=0.000), Max=(X=2425.000 Y=1593.000 Z=400.000) RuntimeGrid:None EditorOnly:0 RuntimeOnly:0 HLODRelevant:1 ListedInSceneOutliner:1 IsMainWorldOnly:0 FolderPath:Playground FolderGuid:C73F09FC4215536B1DCE2A9E0A830C70
 |   |   |- [+] [ 34]
 |   |   |   |- Guid:A2511310467F0B770B535B894E361BDE BaseClass: NativeClass:/Script/Engine.StaticMeshActor Name:StaticMeshActor_24 Label:SM_Cube13 SpatiallyLoaded:1 Bounds:IsValid=true, Min=(X=452.000 Y=2700.000 Z=0.000), Max=(X=552.000 Y=2800.000 Z=200.000) RuntimeGrid:None EditorOnly:0 RuntimeOnly:0 HLODRelevant:1 ListedInSceneOutliner:1 IsMainWorldOnly:0 FolderPath:Block03 FolderGuid:7B7009C345D3D6DD94D3429E1D79C034
 |   |   |- [+] [ 35]
 |   |   |   |- Guid:B038EC4744BC3FED18834DB01C026FC9 BaseClass: NativeClass:/Script/Engine.VolumetricCloud Name:VolumetricCloud_0 Label:VolumetricCloud SpatiallyLoaded:0 Bounds:IsValid=true, Min=(X=0.000 Y=0.000 Z=820.000), Max=(X=0.000 Y=0.000 Z=820.000) RuntimeGrid:None EditorOnly:0 RuntimeOnly:0 HLODRelevant:0 ListedInSceneOutliner:1 IsMainWorldOnly:0 FolderPath:Lighting FolderGuid:963EC3EB4002CCE9759E2EBA541A873A
 |   |   |- [+] [ 36]
 |   |   |   |- Guid:BC832AD74D8BBCA3C5376494CC1F5A65 BaseClass: NativeClass:/Script/Engine.StaticMeshActor Name:StaticMeshActor_UAID_94C691F7842E12FD01_1211726498 Label:SM_Cube12 SpatiallyLoaded:1 Bounds:IsValid=true, Min=(X=974.000 Y=2046.000 Z=0.000), Max=(X=1274.000 Y=2346.000 Z=200.000) RuntimeGrid:None EditorOnly:0 RuntimeOnly:0 HLODRelevant:1 ListedInSceneOutliner:1 IsMainWorldOnly:0 FolderPath:Block03 FolderGuid:7B7009C345D3D6DD94D3429E1D79C034
 |   |   |- [+] [ 37]
 |   |   |   |- Guid:CF04E96143093142ABF21D874B2AB18F BaseClass:/Game/ThirdPerson/Blueprints/Fracture_Test_BP.Fracture_Test_BP_C NativeClass:/Script/GeometryCollectionEngine.GeometryCollectionActor Name:Fracture_Test_BP_C_UAID_E89C256EA2035F6802_1583974054 Label:Fracture_Test_BP SpatiallyLoaded:1 Bounds:IsValid=true, Min=(X=702.000 Y=832.000 Z=-2.437), Max=(X=958.000 Y=1088.000 Z=277.563) RuntimeGrid:None EditorOnly:0 RuntimeOnly:0 HLODRelevant:0 ListedInSceneOutliner:1 IsMainWorldOnly:0
 |   |   |- [+] [ 38]
 |   |   |   |- Guid:DA718CDC49D5B22DA4E2C1ABE5D20465 BaseClass: NativeClass:/Script/Engine.StaticMeshActor Name:StaticMeshActor_16 Label:SM_Cube11 SpatiallyLoaded:1 Bounds:IsValid=true, Min=(X=974.000 Y=2326.000 Z=0.000), Max=(X=1274.000 Y=2626.000 Z=200.000) RuntimeGrid:None EditorOnly:0 RuntimeOnly:0 HLODRelevant:1 ListedInSceneOutliner:1 IsMainWorldOnly:0 FolderPath:Block03 FolderGuid:7B7009C345D3D6DD94D3429E1D79C034
 |   |   |- [+] [ 39]
 |   |   |   |- Guid:E2DEF0F0404931112A3CB9AF4475B659 BaseClass: NativeClass:/Script/Engine.StaticMeshActor Name:StaticMeshActor_22 Label:SM_QuarterCylinder4 SpatiallyLoaded:1 Bounds:IsValid=true, Min=(X=452.000 Y=2600.000 Z=0.000), Max=(X=552.000 Y=2700.000 Z=200.000) RuntimeGrid:None EditorOnly:0 RuntimeOnly:0 HLODRelevant:1 ListedInSceneOutliner:1 IsMainWorldOnly:0 FolderPath:Block03 FolderGuid:7B7009C345D3D6DD94D3429E1D79C034
 |   |   |- [+] [ 40]
 |   |   |   |- Guid:E337660C45836EA12845C9AC95A2D414 BaseClass:/Game/ThirdPerson/Blueprints/AI/Tutorial_AI.Tutorial_AI_C NativeClass:/Script/Engine.Character Name:Tutorial_AI_C_UAID_94C691F7842E15FD01_1452989041 Label:Tutorial_AI SpatiallyLoaded:1 Bounds:IsValid=true, Min=(X=648.540 Y=747.878 Z=-2.142), Max=(X=739.000 Y=829.666 Z=72.063) RuntimeGrid:None EditorOnly:0 RuntimeOnly:0 HLODRelevant:0 ListedInSceneOutliner:1 IsMainWorldOnly:0
 |   |   |- [+] [ 41]
 |   |   |   |- Guid:E439DF99422B52141F5A99AF9AF48D83 BaseClass: NativeClass:/Script/Engine.PostProcessVolume Name:PostProcessVolume_0 Label:PostProcessVolume SpatiallyLoaded:0 Bounds:IsValid=true, Min=(X=0.000 Y=0.000 Z=400.000), Max=(X=200.000 Y=200.000 Z=600.000) RuntimeGrid:None EditorOnly:0 RuntimeOnly:0 HLODRelevant:0 ListedInSceneOutliner:1 IsMainWorldOnly:0 FolderPath:Lighting FolderGuid:963EC3EB4002CCE9759E2EBA541A873A
 |   |   |- [+] [ 42]
 |   |   |   |- Guid:E6FB51B5498CD243C59706A4497CD234 BaseClass: NativeClass:/Script/Engine.ExponentialHeightFog Name:ExponentialHeightFog_0 Label:ExponentialHeightFog SpatiallyLoaded:0 Bounds:IsValid=true, Min=(X=-5600.000 Y=-50.000 Z=-6850.000), Max=(X=-5600.000 Y=-50.000 Z=-6850.000) RuntimeGrid:None EditorOnly:0 RuntimeOnly:0 HLODRelevant:0 ListedInSceneOutliner:1 IsMainWorldOnly:0 FolderPath:Lighting FolderGuid:963EC3EB4002CCE9759E2EBA541A873A
 |   |   |- [+] [ 43]
 |   |   |   |- Guid:E8EFA480490751807C5A948B66F025D0 BaseClass: NativeClass:/Script/Engine.StaticMeshActor Name:StaticMeshActor_UAID_94C691F7842E12FD01_1481551503 Label:Cube2 SpatiallyLoaded:1 Bounds:IsValid=true, Min=(X=1286.500 Y=3438.500 Z=-121.000), Max=(X=4111.500 Y=7013.500 Z=-21.000) RuntimeGrid:None EditorOnly:0 RuntimeOnly:0 HLODRelevant:1 ListedInSceneOutliner:1 IsMainWorldOnly:0
 |   |   |- [+] [ 44]
 |   |   |   |- Guid:EAFA94BD4999A85188933F9C65FE07FF BaseClass: NativeClass:/Script/Engine.StaticMeshActor Name:StaticMeshActor_1 Label:SM_Cube SpatiallyLoaded:1 Bounds:IsValid=true, Min=(X=0.000 Y=0.000 Z=-50.000), Max=(X=2200.000 Y=3500.000 Z=0.000) RuntimeGrid:None EditorOnly:0 RuntimeOnly:0 HLODRelevant:1 ListedInSceneOutliner:1 IsMainWorldOnly:0 FolderPath:Playground FolderGuid:C73F09FC4215536B1DCE2A9E0A830C70
 |   |   |- [+] [ 45]
 |   |   |   |- Guid:F6A5C92E4FFD23B9815CBB899820EDC0 BaseClass: NativeClass:/Script/Engine.StaticMeshActor Name:StaticMeshActor_UAID_94C691F7842E25FD01_2033426849 Label:SM_Cube9 SpatiallyLoaded:1 Bounds:IsValid=true, Min=(X=2898.000 Y=3373.000 Z=0.000), Max=(X=4198.000 Y=3473.000 Z=400.000) RuntimeGrid:None EditorOnly:0 RuntimeOnly:0 HLODRelevant:1 ListedInSceneOutliner:1 IsMainWorldOnly:0 FolderPath:Playground FolderGuid:C73F09FC4215536B1DCE2A9E0A830C70
 |   |   |- [+] [ 46]
 |   |   |   |- Guid:FC407579498A453456C415AE27FDADD6 BaseClass: NativeClass:/Script/Engine.StaticMeshActor Name:StaticMeshActor_UAID_94C691F7842E25FD01_2111313852 Label:SM_Cube18 SpatiallyLoaded:1 Bounds:IsValid=true, Min=(X=1220.000 Y=6467.000 Z=0.000), Max=(X=4245.000 Y=6567.000 Z=400.000) RuntimeGrid:None EditorOnly:0 RuntimeOnly:0 HLODRelevant:1 ListedInSceneOutliner:1 IsMainWorldOnly:0 FolderPath:Playground FolderGuid:C73F09FC4215536B1DCE2A9E0A830C70
 |   |   |- [+] [ 47]
 |   |   |   |- Guid:FE5815034ED490551902E0AABBBEB6E6 BaseClass: NativeClass:/Script/Engine.SkyLight Name:SkyLight_1 Label:SkyLight SpatiallyLoaded:0 Bounds:IsValid=true, Min=(X=0.000 Y=0.000 Z=690.000), Max=(X=0.000 Y=0.000 Z=690.000) RuntimeGrid:None EditorOnly:0 RuntimeOnly:0 HLODRelevant:0 ListedInSceneOutliner:1 IsMainWorldOnly:0 FolderPath:Lighting FolderGuid:963EC3EB4002CCE9759E2EBA541A873A
 |- ContainerInstances:
 |- [+] MainContainer:
 |   |-        ID: 00000000000000000000000000000000
 |   |-  ParentID: 00000000000000000000000000000000
 |   |-    Bounds: IsValid=false, Min=(X=0.000 Y=0.000 Z=0.000), Max=(X=0.000 Y=0.000 Z=0.000)
 |   |- Transform: 0.000000,0.000000,0.000000|0.000000,0.000000,-0.000000|1.000000,1.000000,1.000000
 |   |- Container: /Game/ThirdPerson/Maps/Tutorial_Zone
----------------------------------------------------------------------------------------------------------------
Tutorial_Zone - Persistent Level
----------------------------------------------------------------------------------------------------------------
[+] Content of Tutorial_Zone Persistent Level
 |- Always loaded Actor Count: 48 
 |- Actor Path: /Game/ThirdPerson/Maps/Tutorial_Zone.Tutorial_Zone:PersistentLevel.Anotehr_inv_col1_C_UAID_94C691F7842E26FD01_1255849029
 |- Actor Package: /Game/__ExternalActors__/ThirdPerson/Maps/Tutorial_Zone/C/T8/WUNJDW35FTJERGL9NU58TH
 |- Actor Path: /Game/ThirdPerson/Maps/Tutorial_Zone.Tutorial_Zone:PersistentLevel.Anotehr_inv_col_C_UAID_94C691F7842E23FD01_1792214494
 |- Actor Package: /Game/__ExternalActors__/ThirdPerson/Maps/Tutorial_Zone/3/DM/S9AVQJ2ANV7UU4RIX0M56M
 |- Actor Path: /Game/ThirdPerson/Maps/Tutorial_Zone.Tutorial_Zone:PersistentLevel.Croc_Tut_BP_C_UAID_94C691F7842E25FD01_1607584848
 |- Actor Package: /Game/__ExternalActors__/ThirdPerson/Maps/Tutorial_Zone/1/RG/V682ZLYRTIOZZPE0I55ZX0
 |- Actor Path: /Game/ThirdPerson/Maps/Tutorial_Zone.Tutorial_Zone:PersistentLevel.Cube_Blueprint_C_UAID_94C691F7842E22FD01_1140558317
 |- Actor Package: /Game/__ExternalActors__/ThirdPerson/Maps/Tutorial_Zone/5/VZ/B0AAE53QMP3L4V1UURW2LU
 |- Actor Path: /Game/ThirdPerson/Maps/Tutorial_Zone.Tutorial_Zone:PersistentLevel.DirectionalLight_0
 |- Actor Package: /Game/__ExternalActors__/ThirdPerson/Maps/Tutorial_Zone/4/3C/VBH103I0GQY3W2019TXEDS
 |- Actor Path: /Game/ThirdPerson/Maps/Tutorial_Zone.Tutorial_Zone:PersistentLevel.ExponentialHeightFog_0
 |- Actor Package: /Game/__ExternalActors__/ThirdPerson/Maps/Tutorial_Zone/2/OX/NVCSURO4KG2E56YMQ0RDSM
 |- Actor Path: /Game/ThirdPerson/Maps/Tutorial_Zone.Tutorial_Zone:PersistentLevel.Fracture_Test_BP_C_UAID_E89C256EA2035F6802_1583974054
 |- Actor Package: /Game/__ExternalActors__/ThirdPerson/Maps/Tutorial_Zone/3/S6/27O8P0SKVV669V034JJLE5
 |- Actor Path: /Game/ThirdPerson/Maps/Tutorial_Zone.Tutorial_Zone:PersistentLevel.Invisible_Wall_BP_C_UAID_94C691F7842E21FD01_1145569139
 |- Actor Package: /Game/__ExternalActors__/ThirdPerson/Maps/Tutorial_Zone/9/JL/6WI92TB9I8O8L7PCD9AU72
 |- Actor Path: /Game/ThirdPerson/Maps/Tutorial_Zone.Tutorial_Zone:PersistentLevel.NavMeshBoundsVolume_UAID_94C691F7842E63F801_1746693471
 |- Actor Package: /Game/__ExternalActors__/ThirdPerson/Maps/Tutorial_Zone/1/CL/SP323I476040E7MPH12AHR
 |- Actor Path: /Game/ThirdPerson/Maps/Tutorial_Zone.Tutorial_Zone:PersistentLevel.PlayerStart_0
 |- Actor Package: /Game/__ExternalActors__/ThirdPerson/Maps/Tutorial_Zone/3/O7/CQDEWQ21V4C3ZC36NR3VRF
 |- Actor Path: /Game/ThirdPerson/Maps/Tutorial_Zone.Tutorial_Zone:PersistentLevel.PostProcessVolume_0
 |- Actor Package: /Game/__ExternalActors__/ThirdPerson/Maps/Tutorial_Zone/B/ME/1F7UWS80UWWAECC9XA5II3
 |- Actor Path: /Game/ThirdPerson/Maps/Tutorial_Zone.Tutorial_Zone:PersistentLevel.RecastNavMesh_UAID_04D4C404ED8A09F801-Default
 |- Actor Package: /Game/__ExternalActors__/ThirdPerson/Maps/Tutorial_Zone/4/FO/E8EE4E0M7AWSD2M2FQIC1K
 |- Actor Path: /Game/ThirdPerson/Maps/Tutorial_Zone.Tutorial_Zone:PersistentLevel.SkeletalMeshActor_UAID_94C691F7842ED3F701_1456353127
 |- Actor Package: /Game/__ExternalActors__/ThirdPerson/Maps/Tutorial_Zone/6/SY/GQK662BZ3OMT6ZFLHVSTEU
 |- Actor Path: /Game/ThirdPerson/Maps/Tutorial_Zone.Tutorial_Zone:PersistentLevel.SkyAtmosphere_0
 |- Actor Package: /Game/__ExternalActors__/ThirdPerson/Maps/Tutorial_Zone/8/97/5CHC4RXOMV65OH59T6EVMG
 |- Actor Path: /Game/ThirdPerson/Maps/Tutorial_Zone.Tutorial_Zone:PersistentLevel.SkyLight_1
 |- Actor Package: /Game/__ExternalActors__/ThirdPerson/Maps/Tutorial_Zone/8/94/Y933A5FN6QU6HACU1QPK2V
 |- Actor Path: /Game/ThirdPerson/Maps/Tutorial_Zone.Tutorial_Zone:PersistentLevel.SM_Cube9_Blueprint1_C_UAID_94C691F7842E12FD01_1940688504
 |- Actor Package: /Game/__ExternalActors__/ThirdPerson/Maps/Tutorial_Zone/5/OH/RCFHR5GI7TFLP98QALJO1X
 |- Actor Path: /Game/ThirdPerson/Maps/Tutorial_Zone.Tutorial_Zone:PersistentLevel.SM_Cube9_Blueprint1_C_UAID_94C691F7842E14FD01_1986764863
 |- Actor Package: /Game/__ExternalActors__/ThirdPerson/Maps/Tutorial_Zone/5/BG/ULKQZHE4FPEC8JGV98L72P
 |- Actor Path: /Game/ThirdPerson/Maps/Tutorial_Zone.Tutorial_Zone:PersistentLevel.SM_Cube9_Blueprint1_C_UAID_94C691F7842E14FD01_1994782864
 |- Actor Package: /Game/__ExternalActors__/ThirdPerson/Maps/Tutorial_Zone/B/Q1/4DP6Y91RUR7XQ23FX777CT
 |- Actor Path: /Game/ThirdPerson/Maps/Tutorial_Zone.Tutorial_Zone:PersistentLevel.StaticMeshActor_0
 |- Actor Package: /Game/__ExternalActors__/ThirdPerson/Maps/Tutorial_Zone/F/1J/1JH9DZLKZH6L82SL8R0ZPM
 |- Actor Path: /Game/ThirdPerson/Maps/Tutorial_Zone.Tutorial_Zone:PersistentLevel.StaticMeshActor_1
 |- Actor Package: /Game/__ExternalActors__/ThirdPerson/Maps/Tutorial_Zone/5/7K/X0MHQZP368S2KJWVCWEJKY
 |- Actor Path: /Game/ThirdPerson/Maps/Tutorial_Zone.Tutorial_Zone:PersistentLevel.StaticMeshActor_10
 |- Actor Package: /Game/__ExternalActors__/ThirdPerson/Maps/Tutorial_Zone/D/60/EX4T7WTZ7LT99NZ5PYP7UK
 |- Actor Path: /Game/ThirdPerson/Maps/Tutorial_Zone.Tutorial_Zone:PersistentLevel.StaticMeshActor_11
 |- Actor Package: /Game/__ExternalActors__/ThirdPerson/Maps/Tutorial_Zone/B/X1/MNDDXY6SC7OYRA9UQDYYWI
 |- Actor Path: /Game/ThirdPerson/Maps/Tutorial_Zone.Tutorial_Zone:PersistentLevel.StaticMeshActor_16
 |- Actor Package: /Game/__ExternalActors__/ThirdPerson/Maps/Tutorial_Zone/3/VD/IS3SF4WP3Q67XIFCPA9NGJ
 |- Actor Path: /Game/ThirdPerson/Maps/Tutorial_Zone.Tutorial_Zone:PersistentLevel.StaticMeshActor_2
 |- Actor Package: /Game/__ExternalActors__/ThirdPerson/Maps/Tutorial_Zone/7/XK/X19UFD39TPWJB4C383YU43
 |- Actor Path: /Game/ThirdPerson/Maps/Tutorial_Zone.Tutorial_Zone:PersistentLevel.StaticMeshActor_22
 |- Actor Package: /Game/__ExternalActors__/ThirdPerson/Maps/Tutorial_Zone/A/3W/QY6EHJ2CAW1WDSEE7R951M
 |- Actor Path: /Game/ThirdPerson/Maps/Tutorial_Zone.Tutorial_Zone:PersistentLevel.StaticMeshActor_23
 |- Actor Package: /Game/__ExternalActors__/ThirdPerson/Maps/Tutorial_Zone/C/P2/ZBRN6M0X9XJXL5HS7735MO
 |- Actor Path: /Game/ThirdPerson/Maps/Tutorial_Zone.Tutorial_Zone:PersistentLevel.StaticMeshActor_24
 |- Actor Package: /Game/__ExternalActors__/ThirdPerson/Maps/Tutorial_Zone/7/G0/K9T61VALJQS4LJOR9C89K1
 |- Actor Path: /Game/ThirdPerson/Maps/Tutorial_Zone.Tutorial_Zone:PersistentLevel.StaticMeshActor_4
 |- Actor Package: /Game/__ExternalActors__/ThirdPerson/Maps/Tutorial_Zone/B/00/AXLETYVMQ5T3U3FM6W7PRZ
 |- Actor Path: /Game/ThirdPerson/Maps/Tutorial_Zone.Tutorial_Zone:PersistentLevel.StaticMeshActor_5
 |- Actor Package: /Game/__ExternalActors__/ThirdPerson/Maps/Tutorial_Zone/7/0G/4EB6AO1ITGBCD6XZG3M4MJ
 |- Actor Path: /Game/ThirdPerson/Maps/Tutorial_Zone.Tutorial_Zone:PersistentLevel.StaticMeshActor_6
 |- Actor Package: /Game/__ExternalActors__/ThirdPerson/Maps/Tutorial_Zone/A/BF/AQ2O9ZHQK6AOOC35O30MGN
 |- Actor Path: /Game/ThirdPerson/Maps/Tutorial_Zone.Tutorial_Zone:PersistentLevel.StaticMeshActor_UAID_94C691F7842E11FD01_1825973320
 |- Actor Package: /Game/__ExternalActors__/ThirdPerson/Maps/Tutorial_Zone/6/YQ/DEXK2R3PUNBV3TWH5ER12U
 |- Actor Path: /Game/ThirdPerson/Maps/Tutorial_Zone.Tutorial_Zone:PersistentLevel.StaticMeshActor_UAID_94C691F7842E11FD01_2108248321
 |- Actor Package: /Game/__ExternalActors__/ThirdPerson/Maps/Tutorial_Zone/7/ZY/SAY8L4S6Q74GAU4XU3YNQ1
 |- Actor Path: /Game/ThirdPerson/Maps/Tutorial_Zone.Tutorial_Zone:PersistentLevel.StaticMeshActor_UAID_94C691F7842E12FD01_1211726498
 |- Actor Package: /Game/__ExternalActors__/ThirdPerson/Maps/Tutorial_Zone/7/0A/RPDPTU6U893KKA70DGCN7W
 |- Actor Path: /Game/ThirdPerson/Maps/Tutorial_Zone.Tutorial_Zone:PersistentLevel.StaticMeshActor_UAID_94C691F7842E12FD01_1218199499
 |- Actor Package: /Game/__ExternalActors__/ThirdPerson/Maps/Tutorial_Zone/4/AB/V1AOA2RJHZUHILZ59TH05H
 |- Actor Path: /Game/ThirdPerson/Maps/Tutorial_Zone.Tutorial_Zone:PersistentLevel.StaticMeshActor_UAID_94C691F7842E12FD01_1239047500
 |- Actor Package: /Game/__ExternalActors__/ThirdPerson/Maps/Tutorial_Zone/1/QR/RD3EJWTLVL4CZLIUP0IZD3
 |- Actor Path: /Game/ThirdPerson/Maps/Tutorial_Zone.Tutorial_Zone:PersistentLevel.StaticMeshActor_UAID_94C691F7842E12FD01_1347794502
 |- Actor Package: /Game/__ExternalActors__/ThirdPerson/Maps/Tutorial_Zone/C/A2/TGOD78ZCD8AYU58STUVPEY
 |- Actor Path: /Game/ThirdPerson/Maps/Tutorial_Zone.Tutorial_Zone:PersistentLevel.StaticMeshActor_UAID_94C691F7842E12FD01_1481551503
 |- Actor Package: /Game/__ExternalActors__/ThirdPerson/Maps/Tutorial_Zone/5/RT/K21W4NT1D3CA23B02AQQ9F
 |- Actor Path: /Game/ThirdPerson/Maps/Tutorial_Zone.Tutorial_Zone:PersistentLevel.StaticMeshActor_UAID_94C691F7842E12FD01_2011685505
 |- Actor Package: /Game/__ExternalActors__/ThirdPerson/Maps/Tutorial_Zone/0/9O/ID30DJHOPHDO48Z8JTO26W
 |- Actor Path: /Game/ThirdPerson/Maps/Tutorial_Zone.Tutorial_Zone:PersistentLevel.StaticMeshActor_UAID_94C691F7842E25FD01_2033426849
 |- Actor Package: /Game/__ExternalActors__/ThirdPerson/Maps/Tutorial_Zone/C/XA/02VLBG03LHUWIZ9S90B74X
 |- Actor Path: /Game/ThirdPerson/Maps/Tutorial_Zone.Tutorial_Zone:PersistentLevel.StaticMeshActor_UAID_94C691F7842E25FD01_2062300850
 |- Actor Package: /Game/__ExternalActors__/ThirdPerson/Maps/Tutorial_Zone/5/C3/HZIN1T60P023H2MT78TH3Q
 |- Actor Path: /Game/ThirdPerson/Maps/Tutorial_Zone.Tutorial_Zone:PersistentLevel.StaticMeshActor_UAID_94C691F7842E25FD01_2097934851
 |- Actor Package: /Game/__ExternalActors__/ThirdPerson/Maps/Tutorial_Zone/2/1F/KUOHA2I4BXFDTLN1SETV6U
 |- Actor Path: /Game/ThirdPerson/Maps/Tutorial_Zone.Tutorial_Zone:PersistentLevel.StaticMeshActor_UAID_94C691F7842E25FD01_2111313852
 |- Actor Package: /Game/__ExternalActors__/ThirdPerson/Maps/Tutorial_Zone/E/DY/7JAVCVANX8QVMRU7GNPD0L
 |- Actor Path: /Game/ThirdPerson/Maps/Tutorial_Zone.Tutorial_Zone:PersistentLevel.StaticMeshActor_UAID_A4AE111137DC5EFB00_1110535423
 |- Actor Package: /Game/__ExternalActors__/ThirdPerson/Maps/Tutorial_Zone/3/73/8GXXAHLO07D88ZH1PZWO5V
 |- Actor Path: /Game/ThirdPerson/Maps/Tutorial_Zone.Tutorial_Zone:PersistentLevel.TargetPoint_Blueprint_C_UAID_94C691F7842E63F801_1872239473
 |- Actor Package: /Game/__ExternalActors__/ThirdPerson/Maps/Tutorial_Zone/C/FK/HZBWH364ZS3RQM4CNO1OYK
 |- Actor Path: /Game/ThirdPerson/Maps/Tutorial_Zone.Tutorial_Zone:PersistentLevel.TextRenderActor_1
 |- Actor Package: /Game/__ExternalActors__/ThirdPerson/Maps/Tutorial_Zone/2/I2/R4C5E2LC8XFSFAPNH6Q9JX
 |- Actor Path: /Game/ThirdPerson/Maps/Tutorial_Zone.Tutorial_Zone:PersistentLevel.Tutorial_AI_C_UAID_94C691F7842E15FD01_1452989041
 |- Actor Package: /Game/__ExternalActors__/ThirdPerson/Maps/Tutorial_Zone/2/C8/PAZ9N9O5NRF03GUV8I9VSU
 |- Actor Path: /Game/ThirdPerson/Maps/Tutorial_Zone.Tutorial_Zone:PersistentLevel.VolumetricCloud_0
 |- Actor Package: /Game/__ExternalActors__/ThirdPerson/Maps/Tutorial_Zone/F/0Q/UP2703WS1KOC10QGT61IV3
 |- Actor Path: /Game/ThirdPerson/Maps/Tutorial_Zone.Tutorial_Zone:PersistentLevel.WorldDataLayers
 |- Actor Package: /Game/__ExternalActors__/ThirdPerson/Maps/Tutorial_Zone/F/11/BIEPVDLV81X6GX9RGM8TX8

----------------------------------------------------------------------------------------------------------------
Tutorial_Zone - Runtime Spatial Hash
----------------------------------------------------------------------------------------------------------------
[+] StreamingGrids
 |- [+] MainGrid
 |   |-             Origin: X=0.000 Y=0.000 Z=0.000
 |   |-          Cell Size: 12800
 |   |-       World Bounds: IsValid=false, Min=(X=0.000 Y=0.000 Z=0.000), Max=(X=0.000 Y=0.000 Z=0.000)
 |   |-      Loading Range: 25600.00
 |   |- Block Slow Loading: No
 |   |-  ClientOnlyVisible: No
 |   |- 
 |   |- [+] Grid Levels: 1
 |   |   |- Level  0: Cell Count    0 | Cell Size   12800 | Actor Count    0 (0.0%)
 |   |- 
 |   |- [+] Content of Grid Level 0
 |   |- 
